{"meta": {"format": 3, "version": "7.11.3", "timestamp": "2025-11-14T22:30:19.408782", "branch_coverage": false, "show_contexts": false}, "files": {"src/ifpa_api/__init__.py": {"executed_lines": [1, 36, 37, 43, 45, 47], "summary": {"covered_lines": 5, "num_statements": 5, "percent_covered": 100.0, "percent_covered_display": "100", "missing_lines": 0, "excluded_lines": 0}, "missing_lines": [], "excluded_lines": [], "functions": {"": {"executed_lines": [1, 36, 37, 43, 45, 47], "summary": {"covered_lines": 5, "num_statements": 5, "percent_covered": 100.0, "percent_covered_display": "100", "missing_lines": 0, "excluded_lines": 0}, "missing_lines": [], "excluded_lines": []}}, "classes": {"": {"executed_lines": [1, 36, 37, 43, 45, 47], "summary": {"covered_lines": 5, "num_statements": 5, "percent_covered": 100.0, "percent_covered_display": "100", "missing_lines": 0, "excluded_lines": 0}, "missing_lines": [], "excluded_lines": []}}}, "src/ifpa_api/client.py": {"executed_lines": [1, 7, 9, 10, 11, 12, 13, 14, 15, 18, 19, 49, 87, 93, 96, 97, 98, 99, 100, 102, 103, 118, 119, 120, 122, 123, 135, 136, 137, 139, 140, 158, 159, 160, 162, 163, 179, 180, 181, 183, 184, 199, 200, 201, 203, 222, 224, 251, 253, 277, 279, 303, 305, 321, 323, 334, 336, 338], "summary": {"covered_lines": 56, "num_statements": 56, "percent_covered": 100.0, "percent_covered_display": "100", "missing_lines": 0, "excluded_lines": 0}, "missing_lines": [], "excluded_lines": [], "functions": {"IfpaClient.__init__": {"executed_lines": [87, 93, 96, 97, 98, 99, 100], "summary": {"covered_lines": 7, "num_statements": 7, "percent_covered": 100.0, "percent_covered_display": "100", "missing_lines": 0, "excluded_lines": 0}, "missing_lines": [], "excluded_lines": []}, "IfpaClient.directors": {"executed_lines": [118, 119, 120], "summary": {"covered_lines": 3, "num_statements": 3, "percent_covered": 100.0, "percent_covered_display": "100", "missing_lines": 0, "excluded_lines": 0}, "missing_lines": [], "excluded_lines": []}, "IfpaClient.players": {"executed_lines": [135, 136, 137], "summary": {"covered_lines": 3, "num_statements": 3, "percent_covered": 100.0, "percent_covered_display": "100", "missing_lines": 0, "excluded_lines": 0}, "missing_lines": [], "excluded_lines": []}, "IfpaClient.rankings": {"executed_lines": [158, 159, 160], "summary": {"covered_lines": 3, "num_statements": 3, "percent_covered": 100.0, "percent_covered_display": "100", "missing_lines": 0, "excluded_lines": 0}, "missing_lines": [], "excluded_lines": []}, "IfpaClient.tournaments": {"executed_lines": [179, 180, 181], "summary": {"covered_lines": 3, "num_statements": 3, "percent_covered": 100.0, "percent_covered_display": "100", "missing_lines": 0, "excluded_lines": 0}, "missing_lines": [], "excluded_lines": []}, "IfpaClient.series": {"executed_lines": [199, 200, 201], "summary": {"covered_lines": 3, "num_statements": 3, "percent_covered": 100.0, "percent_covered_display": "100", "missing_lines": 0, "excluded_lines": 0}, "missing_lines": [], "excluded_lines": []}, "IfpaClient.director": {"executed_lines": [222], "summary": {"covered_lines": 1, "num_statements": 1, "percent_covered": 100.0, "percent_covered_display": "100", "missing_lines": 0, "excluded_lines": 0}, "missing_lines": [], "excluded_lines": []}, "IfpaClient.player": {"executed_lines": [251], "summary": {"covered_lines": 1, "num_statements": 1, "percent_covered": 100.0, "percent_covered_display": "100", "missing_lines": 0, "excluded_lines": 0}, "missing_lines": [], "excluded_lines": []}, "IfpaClient.tournament": {"executed_lines": [277], "summary": {"covered_lines": 1, "num_statements": 1, "percent_covered": 100.0, "percent_covered_display": "100", "missing_lines": 0, "excluded_lines": 0}, "missing_lines": [], "excluded_lines": []}, "IfpaClient.series_handle": {"executed_lines": [303], "summary": {"covered_lines": 1, "num_statements": 1, "percent_covered": 100.0, "percent_covered_display": "100", "missing_lines": 0, "excluded_lines": 0}, "missing_lines": [], "excluded_lines": []}, "IfpaClient.close": {"executed_lines": [321], "summary": {"covered_lines": 1, "num_statements": 1, "percent_covered": 100.0, "percent_covered_display": "100", "missing_lines": 0, "excluded_lines": 0}, "missing_lines": [], "excluded_lines": []}, "IfpaClient.__enter__": {"executed_lines": [334], "summary": {"covered_lines": 1, "num_statements": 1, "percent_covered": 100.0, "percent_covered_display": "100", "missing_lines": 0, "excluded_lines": 0}, "missing_lines": [], "excluded_lines": []}, "IfpaClient.__exit__": {"executed_lines": [338], "summary": {"covered_lines": 1, "num_statements": 1, "percent_covered": 100.0, "percent_covered_display": "100", "missing_lines": 0, "excluded_lines": 0}, "missing_lines": [], "excluded_lines": []}, "": {"executed_lines": [1, 7, 9, 10, 11, 12, 13, 14, 15, 18, 19, 49, 102, 103, 122, 123, 139, 140, 162, 163, 183, 184, 203, 224, 253, 279, 305, 323, 336], "summary": {"covered_lines": 27, "num_statements": 27, "percent_covered": 100.0, "percent_covered_display": "100", "missing_lines": 0, "excluded_lines": 0}, "missing_lines": [], "excluded_lines": []}}, "classes": {"IfpaClient": {"executed_lines": [87, 93, 96, 97, 98, 99, 100, 118, 119, 120, 135, 136, 137, 158, 159, 160, 179, 180, 181, 199, 200, 201, 222, 251, 277, 303, 321, 334, 338], "summary": {"covered_lines": 29, "num_statements": 29, "percent_covered": 100.0, "percent_covered_display": "100", "missing_lines": 0, "excluded_lines": 0}, "missing_lines": [], "excluded_lines": []}, "": {"executed_lines": [1, 7, 9, 10, 11, 12, 13, 14, 15, 18, 19, 49, 102, 103, 122, 123, 139, 140, 162, 163, 183, 184, 203, 224, 253, 279, 305, 323, 336], "summary": {"covered_lines": 27, "num_statements": 27, "percent_covered": 100.0, "percent_covered_display": "100", "missing_lines": 0, "excluded_lines": 0}, "missing_lines": [], "excluded_lines": []}}}, "src/ifpa_api/config.py": {"executed_lines": [1, 7, 8, 11, 12, 13, 16, 17, 26, 46, 47, 48, 49, 51, 69, 71, 72, 74, 75, 76, 78], "summary": {"covered_lines": 19, "num_statements": 19, "percent_covered": 100.0, "percent_covered_display": "100", "missing_lines": 0, "excluded_lines": 0}, "missing_lines": [], "excluded_lines": [], "functions": {"Config.__init__": {"executed_lines": [46, 47, 48, 49], "summary": {"covered_lines": 4, "num_statements": 4, "percent_covered": 100.0, "percent_covered_display": "100", "missing_lines": 0, "excluded_lines": 0}, "missing_lines": [], "excluded_lines": []}, "Config._resolve_api_key": {"executed_lines": [69, 71, 72, 74, 75, 76, 78], "summary": {"covered_lines": 7, "num_statements": 7, "percent_covered": 100.0, "percent_covered_display": "100", "missing_lines": 0, "excluded_lines": 0}, "missing_lines": [], "excluded_lines": []}, "": {"executed_lines": [1, 7, 8, 11, 12, 13, 16, 17, 26, 51], "summary": {"covered_lines": 8, "num_statements": 8, "percent_covered": 100.0, "percent_covered_display": "100", "missing_lines": 0, "excluded_lines": 0}, "missing_lines": [], "excluded_lines": []}}, "classes": {"Config": {"executed_lines": [46, 47, 48, 49, 69, 71, 72, 74, 75, 76, 78], "summary": {"covered_lines": 11, "num_statements": 11, "percent_covered": 100.0, "percent_covered_display": "100", "missing_lines": 0, "excluded_lines": 0}, "missing_lines": [], "excluded_lines": []}, "": {"executed_lines": [1, 7, 8, 11, 12, 13, 16, 17, 26, 51], "summary": {"covered_lines": 8, "num_statements": 8, "percent_covered": 100.0, "percent_covered_display": "100", "missing_lines": 0, "excluded_lines": 0}, "missing_lines": [], "excluded_lines": []}}}, "src/ifpa_api/exceptions.py": {"executed_lines": [1, 7, 10, 11, 18, 19, 27, 28, 39, 52, 53, 54, 55, 57, 59, 60, 61, 63, 65, 72, 73, 84, 91, 92, 93, 95, 97, 98, 99, 101, 103], "summary": {"covered_lines": 22, "num_statements": 22, "percent_covered": 100.0, "percent_covered_display": "100", "missing_lines": 0, "excluded_lines": 13}, "missing_lines": [], "excluded_lines": [63, 64, 65, 66, 67, 68, 69, 101, 102, 103, 104, 105, 106], "functions": {"IfpaApiError.__init__": {"executed_lines": [52, 53, 54, 55], "summary": {"covered_lines": 4, "num_statements": 4, "percent_covered": 100.0, "percent_covered_display": "100", "missing_lines": 0, "excluded_lines": 0}, "missing_lines": [], "excluded_lines": []}, "IfpaApiError.__str__": {"executed_lines": [59, 60, 61], "summary": {"covered_lines": 3, "num_statements": 3, "percent_covered": 100.0, "percent_covered_display": "100", "missing_lines": 0, "excluded_lines": 0}, "missing_lines": [], "excluded_lines": []}, "IfpaApiError.__repr__": {"executed_lines": [65], "summary": {"covered_lines": 0, "num_statements": 0, "percent_covered": 100.0, "percent_covered_display": "100", "missing_lines": 0, "excluded_lines": 6}, "missing_lines": [], "excluded_lines": [64, 65, 66, 67, 68, 69]}, "IfpaClientValidationError.__init__": {"executed_lines": [91, 92, 93], "summary": {"covered_lines": 3, "num_statements": 3, "percent_covered": 100.0, "percent_covered_display": "100", "missing_lines": 0, "excluded_lines": 0}, "missing_lines": [], "excluded_lines": []}, "IfpaClientValidationError.__str__": {"executed_lines": [97, 98, 99], "summary": {"covered_lines": 3, "num_statements": 3, "percent_covered": 100.0, "percent_covered_display": "100", "missing_lines": 0, "excluded_lines": 0}, "missing_lines": [], "excluded_lines": []}, "IfpaClientValidationError.__repr__": {"executed_lines": [103], "summary": {"covered_lines": 0, "num_statements": 0, "percent_covered": 100.0, "percent_covered_display": "100", "missing_lines": 0, "excluded_lines": 5}, "missing_lines": [], "excluded_lines": [102, 103, 104, 105, 106]}, "": {"executed_lines": [1, 7, 10, 11, 18, 19, 27, 28, 39, 57, 63, 72, 73, 84, 95, 101], "summary": {"covered_lines": 9, "num_statements": 9, "percent_covered": 100.0, "percent_covered_display": "100", "missing_lines": 0, "excluded_lines": 2}, "missing_lines": [], "excluded_lines": [63, 101]}}, "classes": {"IfpaError": {"executed_lines": [], "summary": {"covered_lines": 0, "num_statements": 0, "percent_covered": 100.0, "percent_covered_display": "100", "missing_lines": 0, "excluded_lines": 0}, "missing_lines": [], "excluded_lines": []}, "MissingApiKeyError": {"executed_lines": [], "summary": {"covered_lines": 0, "num_statements": 0, "percent_covered": 100.0, "percent_covered_display": "100", "missing_lines": 0, "excluded_lines": 0}, "missing_lines": [], "excluded_lines": []}, "IfpaApiError": {"executed_lines": [52, 53, 54, 55, 59, 60, 61, 65], "summary": {"covered_lines": 7, "num_statements": 7, "percent_covered": 100.0, "percent_covered_display": "100", "missing_lines": 0, "excluded_lines": 6}, "missing_lines": [], "excluded_lines": [64, 65, 66, 67, 68, 69]}, "IfpaClientValidationError": {"executed_lines": [91, 92, 93, 97, 98, 99, 103], "summary": {"covered_lines": 6, "num_statements": 6, "percent_covered": 100.0, "percent_covered_display": "100", "missing_lines": 0, "excluded_lines": 5}, "missing_lines": [], "excluded_lines": [102, 103, 104, 105, 106]}, "": {"executed_lines": [1, 7, 10, 11, 18, 19, 27, 28, 39, 57, 63, 72, 73, 84, 95, 101], "summary": {"covered_lines": 9, "num_statements": 9, "percent_covered": 100.0, "percent_covered_display": "100", "missing_lines": 0, "excluded_lines": 2}, "missing_lines": [], "excluded_lines": [63, 101]}}}, "src/ifpa_api/http.py": {"executed_lines": [1, 7, 9, 11, 12, 15, 16, 27, 33, 34, 36, 42, 43, 50, 52, 76, 77, 79, 81, 82, 91, 94, 96, 98, 99, 100, 113, 122, 123, 126, 127, 129, 135, 137, 138, 140, 146, 152, 154, 156, 158, 160], "summary": {"covered_lines": 40, "num_statements": 42, "percent_covered": 95.23809523809524, "percent_covered_display": "95", "missing_lines": 2, "excluded_lines": 0}, "missing_lines": [105, 107], "excluded_lines": [], "functions": {"_HttpClient.__init__": {"executed_lines": [33, 34], "summary": {"covered_lines": 2, "num_statements": 2, "percent_covered": 100.0, "percent_covered_display": "100", "missing_lines": 0, "excluded_lines": 0}, "missing_lines": [], "excluded_lines": []}, "_HttpClient._create_session": {"executed_lines": [42, 43, 50], "summary": {"covered_lines": 3, "num_statements": 3, "percent_covered": 100.0, "percent_covered_display": "100", "missing_lines": 0, "excluded_lines": 0}, "missing_lines": [], "excluded_lines": []}, "_HttpClient._request": {"executed_lines": [76, 77, 79, 81, 82, 91, 94, 96, 98, 99, 100], "summary": {"covered_lines": 11, "num_statements": 13, "percent_covered": 84.61538461538461, "percent_covered_display": "85", "missing_lines": 2, "excluded_lines": 0}, "missing_lines": [105, 107], "excluded_lines": []}, "_HttpClient._handle_http_error": {"executed_lines": [122, 123, 126, 127, 129, 135, 137, 138, 140], "summary": {"covered_lines": 9, "num_statements": 9, "percent_covered": 100.0, "percent_covered_display": "100", "missing_lines": 0, "excluded_lines": 0}, "missing_lines": [], "excluded_lines": []}, "_HttpClient.close": {"executed_lines": [152], "summary": {"covered_lines": 1, "num_statements": 1, "percent_covered": 100.0, "percent_covered_display": "100", "missing_lines": 0, "excluded_lines": 0}, "missing_lines": [], "excluded_lines": []}, "_HttpClient.__enter__": {"executed_lines": [156], "summary": {"covered_lines": 1, "num_statements": 1, "percent_covered": 100.0, "percent_covered_display": "100", "missing_lines": 0, "excluded_lines": 0}, "missing_lines": [], "excluded_lines": []}, "_HttpClient.__exit__": {"executed_lines": [160], "summary": {"covered_lines": 1, "num_statements": 1, "percent_covered": 100.0, "percent_covered_display": "100", "missing_lines": 0, "excluded_lines": 0}, "missing_lines": [], "excluded_lines": []}, "": {"executed_lines": [1, 7, 9, 11, 12, 15, 16, 27, 36, 52, 113, 146, 154, 158], "summary": {"covered_lines": 12, "num_statements": 12, "percent_covered": 100.0, "percent_covered_display": "100", "missing_lines": 0, "excluded_lines": 0}, "missing_lines": [], "excluded_lines": []}}, "classes": {"_HttpClient": {"executed_lines": [33, 34, 42, 43, 50, 76, 77, 79, 81, 82, 91, 94, 96, 98, 99, 100, 122, 123, 126, 127, 129, 135, 137, 138, 140, 152, 156, 160], "summary": {"covered_lines": 28, "num_statements": 30, "percent_covered": 93.33333333333333, "percent_covered_display": "93", "missing_lines": 2, "excluded_lines": 0}, "missing_lines": [105, 107], "excluded_lines": []}, "": {"executed_lines": [1, 7, 9, 11, 12, 15, 16, 27, 36, 52, 113, 146, 154, 158], "summary": {"covered_lines": 12, "num_statements": 12, "percent_covered": 100.0, "percent_covered_display": "100", "missing_lines": 0, "excluded_lines": 0}, "missing_lines": [], "excluded_lines": []}}}, "src/ifpa_api/models/__init__.py": {"executed_lines": [1, 7, 8, 15, 25, 40, 48, 63, 75, 79], "summary": {"covered_lines": 9, "num_statements": 9, "percent_covered": 100.0, "percent_covered_display": "100", "missing_lines": 0, "excluded_lines": 0}, "missing_lines": [], "excluded_lines": [], "functions": {"": {"executed_lines": [1, 7, 8, 15, 25, 40, 48, 63, 75, 79], "summary": {"covered_lines": 9, "num_statements": 9, "percent_covered": 100.0, "percent_covered_display": "100", "missing_lines": 0, "excluded_lines": 0}, "missing_lines": [], "excluded_lines": []}}, "classes": {"": {"executed_lines": [1, 7, 8, 15, 25, 40, 48, 63, 75, 79], "summary": {"covered_lines": 9, "num_statements": 9, "percent_covered": 100.0, "percent_covered_display": "100", "missing_lines": 0, "excluded_lines": 0}, "missing_lines": [], "excluded_lines": []}}}, "src/ifpa_api/models/calendar.py": {"executed_lines": [1, 6, 8, 11, 12, 31, 32, 33, 34, 35, 36, 37, 38, 39, 40, 41, 42, 43, 44, 47, 48, 57, 58, 59, 60], "summary": {"covered_lines": 22, "num_statements": 22, "percent_covered": 100.0, "percent_covered_display": "100", "missing_lines": 0, "excluded_lines": 0}, "missing_lines": [], "excluded_lines": [], "functions": {"": {"executed_lines": [1, 6, 8, 11, 12, 31, 32, 33, 34, 35, 36, 37, 38, 39, 40, 41, 42, 43, 44, 47, 48, 57, 58, 59, 60], "summary": {"covered_lines": 22, "num_statements": 22, "percent_covered": 100.0, "percent_covered_display": "100", "missing_lines": 0, "excluded_lines": 0}, "missing_lines": [], "excluded_lines": []}}, "classes": {"CalendarEvent": {"executed_lines": [], "summary": {"covered_lines": 0, "num_statements": 0, "percent_covered": 100.0, "percent_covered_display": "100", "missing_lines": 0, "excluded_lines": 0}, "missing_lines": [], "excluded_lines": []}, "CalendarResponse": {"executed_lines": [], "summary": {"covered_lines": 0, "num_statements": 0, "percent_covered": 100.0, "percent_covered_display": "100", "missing_lines": 0, "excluded_lines": 0}, "missing_lines": [], "excluded_lines": []}, "": {"executed_lines": [1, 6, 8, 11, 12, 31, 32, 33, 34, 35, 36, 37, 38, 39, 40, 41, 42, 43, 44, 47, 48, 57, 58, 59, 60], "summary": {"covered_lines": 22, "num_statements": 22, "percent_covered": 100.0, "percent_covered_display": "100", "missing_lines": 0, "excluded_lines": 0}, "missing_lines": [], "excluded_lines": []}}}, "src/ifpa_api/models/common.py": {"executed_lines": [1, 7, 9, 12, 13, 20, 21, 24, 25, 35, 36, 37, 38, 39, 42, 43, 51, 52, 53, 56, 57, 64, 65, 68, 69, 77], "summary": {"covered_lines": 20, "num_statements": 20, "percent_covered": 100.0, "percent_covered_display": "100", "missing_lines": 0, "excluded_lines": 0}, "missing_lines": [], "excluded_lines": [], "functions": {"": {"executed_lines": [1, 7, 9, 12, 13, 20, 21, 24, 25, 35, 36, 37, 38, 39, 42, 43, 51, 52, 53, 56, 57, 64, 65, 68, 69, 77], "summary": {"covered_lines": 20, "num_statements": 20, "percent_covered": 100.0, "percent_covered_display": "100", "missing_lines": 0, "excluded_lines": 0}, "missing_lines": [], "excluded_lines": []}}, "classes": {"TimePeriod": {"executed_lines": [], "summary": {"covered_lines": 0, "num_statements": 0, "percent_covered": 100.0, "percent_covered_display": "100", "missing_lines": 0, "excluded_lines": 0}, "missing_lines": [], "excluded_lines": []}, "RankingSystem": {"executed_lines": [], "summary": {"covered_lines": 0, "num_statements": 0, "percent_covered": 100.0, "percent_covered_display": "100", "missing_lines": 0, "excluded_lines": 0}, "missing_lines": [], "excluded_lines": []}, "ResultType": {"executed_lines": [], "summary": {"covered_lines": 0, "num_statements": 0, "percent_covered": 100.0, "percent_covered_display": "100", "missing_lines": 0, "excluded_lines": 0}, "missing_lines": [], "excluded_lines": []}, "TournamentType": {"executed_lines": [], "summary": {"covered_lines": 0, "num_statements": 0, "percent_covered": 100.0, "percent_covered_display": "100", "missing_lines": 0, "excluded_lines": 0}, "missing_lines": [], "excluded_lines": []}, "IfpaBaseModel": {"executed_lines": [], "summary": {"covered_lines": 0, "num_statements": 0, "percent_covered": 100.0, "percent_covered_display": "100", "missing_lines": 0, "excluded_lines": 0}, "missing_lines": [], "excluded_lines": []}, "": {"executed_lines": [1, 7, 9, 12, 13, 20, 21, 24, 25, 35, 36, 37, 38, 39, 42, 43, 51, 52, 53, 56, 57, 64, 65, 68, 69, 77], "summary": {"covered_lines": 20, "num_statements": 20, "percent_covered": 100.0, "percent_covered_display": "100", "missing_lines": 0, "excluded_lines": 0}, "missing_lines": [], "excluded_lines": []}}}, "src/ifpa_api/models/director.py": {"executed_lines": [1, 6, 8, 11, 12, 19, 20, 23, 24, 44, 45, 46, 47, 48, 49, 50, 51, 52, 53, 54, 55, 56, 57, 58, 61, 62, 77, 78, 79, 80, 81, 82, 83, 84, 85, 86, 89, 90, 115, 116, 118, 119, 120, 121, 122, 123, 124, 125, 127, 128, 129, 130, 131, 132, 135, 136, 145, 146, 147, 148, 151, 152, 165, 166, 167, 168, 169, 170, 171, 172, 175, 176, 187, 188, 189, 192, 193, 206, 207, 208, 209, 210, 213, 214, 223, 224], "summary": {"covered_lines": 76, "num_statements": 76, "percent_covered": 100.0, "percent_covered_display": "100", "missing_lines": 0, "excluded_lines": 0}, "missing_lines": [], "excluded_lines": [], "functions": {"": {"executed_lines": [1, 6, 8, 11, 12, 19, 20, 23, 24, 44, 45, 46, 47, 48, 49, 50, 51, 52, 53, 54, 55, 56, 57, 58, 61, 62, 77, 78, 79, 80, 81, 82, 83, 84, 85, 86, 89, 90, 115, 116, 118, 119, 120, 121, 122, 123, 124, 125, 127, 128, 129, 130, 131, 132, 135, 136, 145, 146, 147, 148, 151, 152, 165, 166, 167, 168, 169, 170, 171, 172, 175, 176, 187, 188, 189, 192, 193, 206, 207, 208, 209, 210, 213, 214, 223, 224], "summary": {"covered_lines": 76, "num_statements": 76, "percent_covered": 100.0, "percent_covered_display": "100", "missing_lines": 0, "excluded_lines": 0}, "missing_lines": [], "excluded_lines": []}}, "classes": {"DirectorFormat": {"executed_lines": [], "summary": {"covered_lines": 0, "num_statements": 0, "percent_covered": 100.0, "percent_covered_display": "100", "missing_lines": 0, "excluded_lines": 0}, "missing_lines": [], "excluded_lines": []}, "DirectorStats": {"executed_lines": [], "summary": {"covered_lines": 0, "num_statements": 0, "percent_covered": 100.0, "percent_covered_display": "100", "missing_lines": 0, "excluded_lines": 0}, "missing_lines": [], "excluded_lines": []}, "Director": {"executed_lines": [], "summary": {"covered_lines": 0, "num_statements": 0, "percent_covered": 100.0, "percent_covered_display": "100", "missing_lines": 0, "excluded_lines": 0}, "missing_lines": [], "excluded_lines": []}, "DirectorTournament": {"executed_lines": [], "summary": {"covered_lines": 0, "num_statements": 0, "percent_covered": 100.0, "percent_covered_display": "100", "missing_lines": 0, "excluded_lines": 0}, "missing_lines": [], "excluded_lines": []}, "DirectorTournamentsResponse": {"executed_lines": [], "summary": {"covered_lines": 0, "num_statements": 0, "percent_covered": 100.0, "percent_covered_display": "100", "missing_lines": 0, "excluded_lines": 0}, "missing_lines": [], "excluded_lines": []}, "DirectorSearchResult": {"executed_lines": [], "summary": {"covered_lines": 0, "num_statements": 0, "percent_covered": 100.0, "percent_covered_display": "100", "missing_lines": 0, "excluded_lines": 0}, "missing_lines": [], "excluded_lines": []}, "DirectorSearchResponse": {"executed_lines": [], "summary": {"covered_lines": 0, "num_statements": 0, "percent_covered": 100.0, "percent_covered_display": "100", "missing_lines": 0, "excluded_lines": 0}, "missing_lines": [], "excluded_lines": []}, "CountryDirector": {"executed_lines": [], "summary": {"covered_lines": 0, "num_statements": 0, "percent_covered": 100.0, "percent_covered_display": "100", "missing_lines": 0, "excluded_lines": 0}, "missing_lines": [], "excluded_lines": []}, "CountryDirectorsResponse": {"executed_lines": [], "summary": {"covered_lines": 0, "num_statements": 0, "percent_covered": 100.0, "percent_covered_display": "100", "missing_lines": 0, "excluded_lines": 0}, "missing_lines": [], "excluded_lines": []}, "": {"executed_lines": [1, 6, 8, 11, 12, 19, 20, 23, 24, 44, 45, 46, 47, 48, 49, 50, 51, 52, 53, 54, 55, 56, 57, 58, 61, 62, 77, 78, 79, 80, 81, 82, 83, 84, 85, 86, 89, 90, 115, 116, 118, 119, 120, 121, 122, 123, 124, 125, 127, 128, 129, 130, 131, 132, 135, 136, 145, 146, 147, 148, 151, 152, 165, 166, 167, 168, 169, 170, 171, 172, 175, 176, 187, 188, 189, 192, 193, 206, 207, 208, 209, 210, 213, 214, 223, 224], "summary": {"covered_lines": 76, "num_statements": 76, "percent_covered": 100.0, "percent_covered_display": "100", "missing_lines": 0, "excluded_lines": 0}, "missing_lines": [], "excluded_lines": []}}}, "src/ifpa_api/models/player.py": {"executed_lines": [1, 6, 8, 10, 13, 14, 25, 26, 27, 28, 29, 30, 33, 34, 54, 55, 56, 57, 58, 59, 60, 61, 62, 63, 64, 65, 66, 67, 68, 70, 71, 72, 87, 88, 89, 90, 91, 93, 98, 99, 112, 113, 114, 115, 116, 117, 118, 119, 122, 123, 130, 131, 134, 135, 146, 149, 150, 171, 172, 173, 174, 175, 176, 177, 178, 179, 180, 181, 182, 183, 184, 185, 186, 189, 190, 198, 199, 200, 203, 204, 213, 214, 215, 216, 219, 220, 227, 228, 231, 232, 246, 247, 248, 249, 250, 253, 254, 267, 268, 269, 270, 271, 274, 275, 289, 290, 291, 292, 293, 294, 295, 296, 297, 300, 301, 310, 311, 312, 313], "summary": {"covered_lines": 105, "num_statements": 108, "percent_covered": 97.22222222222223, "percent_covered_display": "97", "missing_lines": 3, "excluded_lines": 0}, "missing_lines": [92, 94, 95], "excluded_lines": [], "functions": {"Player.validate_age": {"executed_lines": [87, 88, 89, 90, 91, 93], "summary": {"covered_lines": 6, "num_statements": 9, "percent_covered": 66.66666666666667, "percent_covered_display": "67", "missing_lines": 3, "excluded_lines": 0}, "missing_lines": [92, 94, 95], "excluded_lines": []}, "": {"executed_lines": [1, 6, 8, 10, 13, 14, 25, 26, 27, 28, 29, 30, 33, 34, 54, 55, 56, 57, 58, 59, 60, 61, 62, 63, 64, 65, 66, 67, 68, 70, 71, 72, 98, 99, 112, 113, 114, 115, 116, 117, 118, 119, 122, 123, 130, 131, 134, 135, 146, 149, 150, 171, 172, 173, 174, 175, 176, 177, 178, 179, 180, 181, 182, 183, 184, 185, 186, 189, 190, 198, 199, 200, 203, 204, 213, 214, 215, 216, 219, 220, 227, 228, 231, 232, 246, 247, 248, 249, 250, 253, 254, 267, 268, 269, 270, 271, 274, 275, 289, 290, 291, 292, 293, 294, 295, 296, 297, 300, 301, 310, 311, 312, 313], "summary": {"covered_lines": 99, "num_statements": 99, "percent_covered": 100.0, "percent_covered_display": "100", "missing_lines": 0, "excluded_lines": 0}, "missing_lines": [], "excluded_lines": []}}, "classes": {"PlayerRanking": {"executed_lines": [], "summary": {"covered_lines": 0, "num_statements": 0, "percent_covered": 100.0, "percent_covered_display": "100", "missing_lines": 0, "excluded_lines": 0}, "missing_lines": [], "excluded_lines": []}, "Player": {"executed_lines": [87, 88, 89, 90, 91, 93], "summary": {"covered_lines": 6, "num_statements": 9, "percent_covered": 66.66666666666667, "percent_covered_display": "67", "missing_lines": 3, "excluded_lines": 0}, "missing_lines": [92, 94, 95], "excluded_lines": []}, "PlayerSearchResult": {"executed_lines": [], "summary": {"covered_lines": 0, "num_statements": 0, "percent_covered": 100.0, "percent_covered_display": "100", "missing_lines": 0, "excluded_lines": 0}, "missing_lines": [], "excluded_lines": []}, "PlayerSearchResponse": {"executed_lines": [], "summary": {"covered_lines": 0, "num_statements": 0, "percent_covered": 100.0, "percent_covered_display": "100", "missing_lines": 0, "excluded_lines": 0}, "missing_lines": [], "excluded_lines": []}, "MultiPlayerResponse": {"executed_lines": [], "summary": {"covered_lines": 0, "num_statements": 0, "percent_covered": 100.0, "percent_covered_display": "100", "missing_lines": 0, "excluded_lines": 0}, "missing_lines": [], "excluded_lines": []}, "TournamentResult": {"executed_lines": [], "summary": {"covered_lines": 0, "num_statements": 0, "percent_covered": 100.0, "percent_covered_display": "100", "missing_lines": 0, "excluded_lines": 0}, "missing_lines": [], "excluded_lines": []}, "PlayerResultsResponse": {"executed_lines": [], "summary": {"covered_lines": 0, "num_statements": 0, "percent_covered": 100.0, "percent_covered_display": "100", "missing_lines": 0, "excluded_lines": 0}, "missing_lines": [], "excluded_lines": []}, "RankHistoryEntry": {"executed_lines": [], "summary": {"covered_lines": 0, "num_statements": 0, "percent_covered": 100.0, "percent_covered_display": "100", "missing_lines": 0, "excluded_lines": 0}, "missing_lines": [], "excluded_lines": []}, "RatingHistoryEntry": {"executed_lines": [], "summary": {"covered_lines": 0, "num_statements": 0, "percent_covered": 100.0, "percent_covered_display": "100", "missing_lines": 0, "excluded_lines": 0}, "missing_lines": [], "excluded_lines": []}, "RankingHistory": {"executed_lines": [], "summary": {"covered_lines": 0, "num_statements": 0, "percent_covered": 100.0, "percent_covered_display": "100", "missing_lines": 0, "excluded_lines": 0}, "missing_lines": [], "excluded_lines": []}, "PvpAllCompetitors": {"executed_lines": [], "summary": {"covered_lines": 0, "num_statements": 0, "percent_covered": 100.0, "percent_covered_display": "100", "missing_lines": 0, "excluded_lines": 0}, "missing_lines": [], "excluded_lines": []}, "PvpComparison": {"executed_lines": [], "summary": {"covered_lines": 0, "num_statements": 0, "percent_covered": 100.0, "percent_covered_display": "100", "missing_lines": 0, "excluded_lines": 0}, "missing_lines": [], "excluded_lines": []}, "PlayerCard": {"executed_lines": [], "summary": {"covered_lines": 0, "num_statements": 0, "percent_covered": 100.0, "percent_covered_display": "100", "missing_lines": 0, "excluded_lines": 0}, "missing_lines": [], "excluded_lines": []}, "": {"executed_lines": [1, 6, 8, 10, 13, 14, 25, 26, 27, 28, 29, 30, 33, 34, 54, 55, 56, 57, 58, 59, 60, 61, 62, 63, 64, 65, 66, 67, 68, 70, 71, 72, 98, 99, 112, 113, 114, 115, 116, 117, 118, 119, 122, 123, 130, 131, 134, 135, 146, 149, 150, 171, 172, 173, 174, 175, 176, 177, 178, 179, 180, 181, 182, 183, 184, 185, 186, 189, 190, 198, 199, 200, 203, 204, 213, 214, 215, 216, 219, 220, 227, 228, 231, 232, 246, 247, 248, 249, 250, 253, 254, 267, 268, 269, 270, 271, 274, 275, 289, 290, 291, 292, 293, 294, 295, 296, 297, 300, 301, 310, 311, 312, 313], "summary": {"covered_lines": 99, "num_statements": 99, "percent_covered": 100.0, "percent_covered_display": "100", "missing_lines": 0, "excluded_lines": 0}, "missing_lines": [], "excluded_lines": []}}}, "src/ifpa_api/models/rankings.py": {"executed_lines": [1, 6, 8, 11, 12, 41, 42, 43, 44, 45, 46, 47, 48, 49, 50, 53, 54, 55, 56, 57, 58, 59, 60, 61, 62, 63, 64, 67, 68, 71, 72, 81, 82, 83, 84, 87, 88, 103, 104, 105, 106, 107, 108, 109, 110, 111, 112, 115, 116, 123, 124, 127, 128, 138, 139, 140, 141, 142, 145, 146, 154, 155, 156], "summary": {"covered_lines": 56, "num_statements": 56, "percent_covered": 100.0, "percent_covered_display": "100", "missing_lines": 0, "excluded_lines": 0}, "missing_lines": [], "excluded_lines": [], "functions": {"": {"executed_lines": [1, 6, 8, 11, 12, 41, 42, 43, 44, 45, 46, 47, 48, 49, 50, 53, 54, 55, 56, 57, 58, 59, 60, 61, 62, 63, 64, 67, 68, 71, 72, 81, 82, 83, 84, 87, 88, 103, 104, 105, 106, 107, 108, 109, 110, 111, 112, 115, 116, 123, 124, 127, 128, 138, 139, 140, 141, 142, 145, 146, 154, 155, 156], "summary": {"covered_lines": 56, "num_statements": 56, "percent_covered": 100.0, "percent_covered_display": "100", "missing_lines": 0, "excluded_lines": 0}, "missing_lines": [], "excluded_lines": []}}, "classes": {"RankingEntry": {"executed_lines": [], "summary": {"covered_lines": 0, "num_statements": 0, "percent_covered": 100.0, "percent_covered_display": "100", "missing_lines": 0, "excluded_lines": 0}, "missing_lines": [], "excluded_lines": []}, "RankingsResponse": {"executed_lines": [], "summary": {"covered_lines": 0, "num_statements": 0, "percent_covered": 100.0, "percent_covered_display": "100", "missing_lines": 0, "excluded_lines": 0}, "missing_lines": [], "excluded_lines": []}, "CountryRankingEntry": {"executed_lines": [], "summary": {"covered_lines": 0, "num_statements": 0, "percent_covered": 100.0, "percent_covered_display": "100", "missing_lines": 0, "excluded_lines": 0}, "missing_lines": [], "excluded_lines": []}, "CountryRankingsResponse": {"executed_lines": [], "summary": {"covered_lines": 0, "num_statements": 0, "percent_covered": 100.0, "percent_covered_display": "100", "missing_lines": 0, "excluded_lines": 0}, "missing_lines": [], "excluded_lines": []}, "CustomRankingEntry": {"executed_lines": [], "summary": {"covered_lines": 0, "num_statements": 0, "percent_covered": 100.0, "percent_covered_display": "100", "missing_lines": 0, "excluded_lines": 0}, "missing_lines": [], "excluded_lines": []}, "CustomRankingsResponse": {"executed_lines": [], "summary": {"covered_lines": 0, "num_statements": 0, "percent_covered": 100.0, "percent_covered_display": "100", "missing_lines": 0, "excluded_lines": 0}, "missing_lines": [], "excluded_lines": []}, "": {"executed_lines": [1, 6, 8, 11, 12, 41, 42, 43, 44, 45, 46, 47, 48, 49, 50, 53, 54, 55, 56, 57, 58, 59, 60, 61, 62, 63, 64, 67, 68, 71, 72, 81, 82, 83, 84, 87, 88, 103, 104, 105, 106, 107, 108, 109, 110, 111, 112, 115, 116, 123, 124, 127, 128, 138, 139, 140, 141, 142, 145, 146, 154, 155, 156], "summary": {"covered_lines": 56, "num_statements": 56, "percent_covered": 100.0, "percent_covered_display": "100", "missing_lines": 0, "excluded_lines": 0}, "missing_lines": [], "excluded_lines": []}}}, "src/ifpa_api/models/series.py": {"executed_lines": [1, 6, 8, 10, 13, 14, 27, 28, 29, 30, 31, 32, 33, 34, 37, 38, 45, 46, 49, 50, 66, 67, 68, 69, 70, 71, 72, 73, 74, 75, 76, 79, 80, 89, 90, 91, 92, 95, 96, 112, 113, 114, 115, 116, 117, 119, 120, 121, 122, 123, 126, 127, 142, 143, 144, 145, 146, 147, 149, 150, 151, 152, 155, 156, 170, 171, 172, 173, 174, 175, 176, 177, 178, 181, 182, 191, 192, 193, 194, 197, 198, 205, 206, 209, 210, 221, 222, 223, 224, 225, 226, 229, 230, 241, 242, 243, 244, 245, 246, 249, 250, 262, 263, 264, 265, 266, 267, 268, 271, 272, 279, 280, 283, 284, 294, 295, 296, 297, 298, 301, 302, 309, 310], "summary": {"covered_lines": 107, "num_statements": 107, "percent_covered": 100.0, "percent_covered_display": "100", "missing_lines": 0, "excluded_lines": 0}, "missing_lines": [], "excluded_lines": [], "functions": {"": {"executed_lines": [1, 6, 8, 10, 13, 14, 27, 28, 29, 30, 31, 32, 33, 34, 37, 38, 45, 46, 49, 50, 66, 67, 68, 69, 70, 71, 72, 73, 74, 75, 76, 79, 80, 89, 90, 91, 92, 95, 96, 112, 113, 114, 115, 116, 117, 119, 120, 121, 122, 123, 126, 127, 142, 143, 144, 145, 146, 147, 149, 150, 151, 152, 155, 156, 170, 171, 172, 173, 174, 175, 176, 177, 178, 181, 182, 191, 192, 193, 194, 197, 198, 205, 206, 209, 210, 221, 222, 223, 224, 225, 226, 229, 230, 241, 242, 243, 244, 245, 246, 249, 250, 262, 263, 264, 265, 266, 267, 268, 271, 272, 279, 280, 283, 284, 294, 295, 296, 297, 298, 301, 302, 309, 310], "summary": {"covered_lines": 107, "num_statements": 107, "percent_covered": 100.0, "percent_covered_display": "100", "missing_lines": 0, "excluded_lines": 0}, "missing_lines": [], "excluded_lines": []}}, "classes": {"Series": {"executed_lines": [], "summary": {"covered_lines": 0, "num_statements": 0, "percent_covered": 100.0, "percent_covered_display": "100", "missing_lines": 0, "excluded_lines": 0}, "missing_lines": [], "excluded_lines": []}, "SeriesListResponse": {"executed_lines": [], "summary": {"covered_lines": 0, "num_statements": 0, "percent_covered": 100.0, "percent_covered_display": "100", "missing_lines": 0, "excluded_lines": 0}, "missing_lines": [], "excluded_lines": []}, "SeriesStandingEntry": {"executed_lines": [], "summary": {"covered_lines": 0, "num_statements": 0, "percent_covered": 100.0, "percent_covered_display": "100", "missing_lines": 0, "excluded_lines": 0}, "missing_lines": [], "excluded_lines": []}, "SeriesStandingsResponse": {"executed_lines": [], "summary": {"covered_lines": 0, "num_statements": 0, "percent_covered": 100.0, "percent_covered_display": "100", "missing_lines": 0, "excluded_lines": 0}, "missing_lines": [], "excluded_lines": []}, "SeriesPlayerEvent": {"executed_lines": [], "summary": {"covered_lines": 0, "num_statements": 0, "percent_covered": 100.0, "percent_covered_display": "100", "missing_lines": 0, "excluded_lines": 0}, "missing_lines": [], "excluded_lines": []}, "SeriesPlayerCard": {"executed_lines": [], "summary": {"covered_lines": 0, "num_statements": 0, "percent_covered": 100.0, "percent_covered_display": "100", "missing_lines": 0, "excluded_lines": 0}, "missing_lines": [], "excluded_lines": []}, "SeriesOverview": {"executed_lines": [], "summary": {"covered_lines": 0, "num_statements": 0, "percent_covered": 100.0, "percent_covered_display": "100", "missing_lines": 0, "excluded_lines": 0}, "missing_lines": [], "excluded_lines": []}, "SeriesRegion": {"executed_lines": [], "summary": {"covered_lines": 0, "num_statements": 0, "percent_covered": 100.0, "percent_covered_display": "100", "missing_lines": 0, "excluded_lines": 0}, "missing_lines": [], "excluded_lines": []}, "SeriesRegionsResponse": {"executed_lines": [], "summary": {"covered_lines": 0, "num_statements": 0, "percent_covered": 100.0, "percent_covered_display": "100", "missing_lines": 0, "excluded_lines": 0}, "missing_lines": [], "excluded_lines": []}, "SeriesRules": {"executed_lines": [], "summary": {"covered_lines": 0, "num_statements": 0, "percent_covered": 100.0, "percent_covered_display": "100", "missing_lines": 0, "excluded_lines": 0}, "missing_lines": [], "excluded_lines": []}, "SeriesStats": {"executed_lines": [], "summary": {"covered_lines": 0, "num_statements": 0, "percent_covered": 100.0, "percent_covered_display": "100", "missing_lines": 0, "excluded_lines": 0}, "missing_lines": [], "excluded_lines": []}, "SeriesScheduleEvent": {"executed_lines": [], "summary": {"covered_lines": 0, "num_statements": 0, "percent_covered": 100.0, "percent_covered_display": "100", "missing_lines": 0, "excluded_lines": 0}, "missing_lines": [], "excluded_lines": []}, "SeriesScheduleResponse": {"executed_lines": [], "summary": {"covered_lines": 0, "num_statements": 0, "percent_covered": 100.0, "percent_covered_display": "100", "missing_lines": 0, "excluded_lines": 0}, "missing_lines": [], "excluded_lines": []}, "RegionRepresentative": {"executed_lines": [], "summary": {"covered_lines": 0, "num_statements": 0, "percent_covered": 100.0, "percent_covered_display": "100", "missing_lines": 0, "excluded_lines": 0}, "missing_lines": [], "excluded_lines": []}, "RegionRepsResponse": {"executed_lines": [], "summary": {"covered_lines": 0, "num_statements": 0, "percent_covered": 100.0, "percent_covered_display": "100", "missing_lines": 0, "excluded_lines": 0}, "missing_lines": [], "excluded_lines": []}, "": {"executed_lines": [1, 6, 8, 10, 13, 14, 27, 28, 29, 30, 31, 32, 33, 34, 37, 38, 45, 46, 49, 50, 66, 67, 68, 69, 70, 71, 72, 73, 74, 75, 76, 79, 80, 89, 90, 91, 92, 95, 96, 112, 113, 114, 115, 116, 117, 119, 120, 121, 122, 123, 126, 127, 142, 143, 144, 145, 146, 147, 149, 150, 151, 152, 155, 156, 170, 171, 172, 173, 174, 175, 176, 177, 178, 181, 182, 191, 192, 193, 194, 197, 198, 205, 206, 209, 210, 221, 222, 223, 224, 225, 226, 229, 230, 241, 242, 243, 244, 245, 246, 249, 250, 262, 263, 264, 265, 266, 267, 268, 271, 272, 279, 280, 283, 284, 294, 295, 296, 297, 298, 301, 302, 309, 310], "summary": {"covered_lines": 107, "num_statements": 107, "percent_covered": 100.0, "percent_covered_display": "100", "missing_lines": 0, "excluded_lines": 0}, "missing_lines": [], "excluded_lines": []}}}, "src/ifpa_api/models/tournaments.py": {"executed_lines": [1, 6, 8, 10, 13, 14, 48, 49, 50, 51, 52, 53, 54, 55, 56, 57, 58, 59, 60, 61, 62, 63, 64, 65, 66, 67, 68, 69, 70, 71, 72, 73, 74, 75, 76, 79, 80, 99, 100, 101, 102, 103, 104, 105, 106, 107, 108, 109, 110, 111, 112, 115, 116, 126, 127, 128, 129, 130, 133, 134, 146, 147, 148, 149, 150, 151, 152, 155, 156, 163, 164, 167, 168, 177, 178, 179, 180, 183, 184, 193, 194, 195, 196, 199, 200, 210, 211, 212, 213, 214, 217, 218, 225, 226, 229, 230, 244, 245, 246, 247, 248, 249, 250, 251, 252, 255, 256, 263, 264], "summary": {"covered_lines": 97, "num_statements": 97, "percent_covered": 100.0, "percent_covered_display": "100", "missing_lines": 0, "excluded_lines": 0}, "missing_lines": [], "excluded_lines": [], "functions": {"": {"executed_lines": [1, 6, 8, 10, 13, 14, 48, 49, 50, 51, 52, 53, 54, 55, 56, 57, 58, 59, 60, 61, 62, 63, 64, 65, 66, 67, 68, 69, 70, 71, 72, 73, 74, 75, 76, 79, 80, 99, 100, 101, 102, 103, 104, 105, 106, 107, 108, 109, 110, 111, 112, 115, 116, 126, 127, 128, 129, 130, 133, 134, 146, 147, 148, 149, 150, 151, 152, 155, 156, 163, 164, 167, 168, 177, 178, 179, 180, 183, 184, 193, 194, 195, 196, 199, 200, 210, 211, 212, 213, 214, 217, 218, 225, 226, 229, 230, 244, 245, 246, 247, 248, 249, 250, 251, 252, 255, 256, 263, 264], "summary": {"covered_lines": 97, "num_statements": 97, "percent_covered": 100.0, "percent_covered_display": "100", "missing_lines": 0, "excluded_lines": 0}, "missing_lines": [], "excluded_lines": []}}, "classes": {"Tournament": {"executed_lines": [], "summary": {"covered_lines": 0, "num_statements": 0, "percent_covered": 100.0, "percent_covered_display": "100", "missing_lines": 0, "excluded_lines": 0}, "missing_lines": [], "excluded_lines": []}, "TournamentResult": {"executed_lines": [], "summary": {"covered_lines": 0, "num_statements": 0, "percent_covered": 100.0, "percent_covered_display": "100", "missing_lines": 0, "excluded_lines": 0}, "missing_lines": [], "excluded_lines": []}, "TournamentResultsResponse": {"executed_lines": [], "summary": {"covered_lines": 0, "num_statements": 0, "percent_covered": 100.0, "percent_covered_display": "100", "missing_lines": 0, "excluded_lines": 0}, "missing_lines": [], "excluded_lines": []}, "TournamentFormat": {"executed_lines": [], "summary": {"covered_lines": 0, "num_statements": 0, "percent_covered": 100.0, "percent_covered_display": "100", "missing_lines": 0, "excluded_lines": 0}, "missing_lines": [], "excluded_lines": []}, "TournamentFormatsResponse": {"executed_lines": [], "summary": {"covered_lines": 0, "num_statements": 0, "percent_covered": 100.0, "percent_covered_display": "100", "missing_lines": 0, "excluded_lines": 0}, "missing_lines": [], "excluded_lines": []}, "LeagueSession": {"executed_lines": [], "summary": {"covered_lines": 0, "num_statements": 0, "percent_covered": 100.0, "percent_covered_display": "100", "missing_lines": 0, "excluded_lines": 0}, "missing_lines": [], "excluded_lines": []}, "TournamentLeagueResponse": {"executed_lines": [], "summary": {"covered_lines": 0, "num_statements": 0, "percent_covered": 100.0, "percent_covered_display": "100", "missing_lines": 0, "excluded_lines": 0}, "missing_lines": [], "excluded_lines": []}, "TournamentSubmission": {"executed_lines": [], "summary": {"covered_lines": 0, "num_statements": 0, "percent_covered": 100.0, "percent_covered_display": "100", "missing_lines": 0, "excluded_lines": 0}, "missing_lines": [], "excluded_lines": []}, "TournamentSubmissionsResponse": {"executed_lines": [], "summary": {"covered_lines": 0, "num_statements": 0, "percent_covered": 100.0, "percent_covered_display": "100", "missing_lines": 0, "excluded_lines": 0}, "missing_lines": [], "excluded_lines": []}, "TournamentSearchResult": {"executed_lines": [], "summary": {"covered_lines": 0, "num_statements": 0, "percent_covered": 100.0, "percent_covered_display": "100", "missing_lines": 0, "excluded_lines": 0}, "missing_lines": [], "excluded_lines": []}, "TournamentSearchResponse": {"executed_lines": [], "summary": {"covered_lines": 0, "num_statements": 0, "percent_covered": 100.0, "percent_covered_display": "100", "missing_lines": 0, "excluded_lines": 0}, "missing_lines": [], "excluded_lines": []}, "": {"executed_lines": [1, 6, 8, 10, 13, 14, 48, 49, 50, 51, 52, 53, 54, 55, 56, 57, 58, 59, 60, 61, 62, 63, 64, 65, 66, 67, 68, 69, 70, 71, 72, 73, 74, 75, 76, 79, 80, 99, 100, 101, 102, 103, 104, 105, 106, 107, 108, 109, 110, 111, 112, 115, 116, 126, 127, 128, 129, 130, 133, 134, 146, 147, 148, 149, 150, 151, 152, 155, 156, 163, 164, 167, 168, 177, 178, 179, 180, 183, 184, 193, 194, 195, 196, 199, 200, 210, 211, 212, 213, 214, 217, 218, 225, 226, 229, 230, 244, 245, 246, 247, 248, 249, 250, 251, 252, 255, 256, 263, 264], "summary": {"covered_lines": 97, "num_statements": 97, "percent_covered": 100.0, "percent_covered_display": "100", "missing_lines": 0, "excluded_lines": 0}, "missing_lines": [], "excluded_lines": []}}}, "src/ifpa_api/resources/__init__.py": {"executed_lines": [1, 7, 8, 9, 10, 11, 13], "summary": {"covered_lines": 6, "num_statements": 6, "percent_covered": 100.0, "percent_covered_display": "100", "missing_lines": 0, "excluded_lines": 0}, "missing_lines": [], "excluded_lines": [], "functions": {"": {"executed_lines": [1, 7, 8, 9, 10, 11, 13], "summary": {"covered_lines": 6, "num_statements": 6, "percent_covered": 100.0, "percent_covered_display": "100", "missing_lines": 0, "excluded_lines": 0}, "missing_lines": [], "excluded_lines": []}}, "classes": {"": {"executed_lines": [1, 7, 8, 9, 10, 11, 13], "summary": {"covered_lines": 6, "num_statements": 6, "percent_covered": 100.0, "percent_covered_display": "100", "missing_lines": 0, "excluded_lines": 0}, "missing_lines": [], "excluded_lines": []}}}, "src/ifpa_api/resources/directors.py": {"executed_lines": [1, 7, 9, 10, 17, 21, 22, 33, 43, 44, 45, 47, 63, 64, 66, 90, 92, 95, 98, 99, 109, 116, 117, 119, 149, 150, 151, 152, 153, 154, 155, 156, 157, 159, 160, 162, 178, 179], "summary": {"covered_lines": 34, "num_statements": 34, "percent_covered": 100.0, "percent_covered_display": "100", "missing_lines": 0, "excluded_lines": 2}, "missing_lines": [], "excluded_lines": [17, 18], "functions": {"DirectorHandle.__init__": {"executed_lines": [43, 44, 45], "summary": {"covered_lines": 3, "num_statements": 3, "percent_covered": 100.0, "percent_covered_display": "100", "missing_lines": 0, "excluded_lines": 0}, "missing_lines": [], "excluded_lines": []}, "DirectorHandle.get": {"executed_lines": [63, 64], "summary": {"covered_lines": 2, "num_statements": 2, "percent_covered": 100.0, "percent_covered_display": "100", "missing_lines": 0, "excluded_lines": 0}, "missing_lines": [], "excluded_lines": []}, "DirectorHandle.tournaments": {"executed_lines": [90, 92, 95], "summary": {"covered_lines": 3, "num_statements": 3, "percent_covered": 100.0, "percent_covered_display": "100", "missing_lines": 0, "excluded_lines": 0}, "missing_lines": [], "excluded_lines": []}, "DirectorsClient.__init__": {"executed_lines": [116, 117], "summary": {"covered_lines": 2, "num_statements": 2, "percent_covered": 100.0, "percent_covered_display": "100", "missing_lines": 0, "excluded_lines": 0}, "missing_lines": [], "excluded_lines": []}, "DirectorsClient.search": {"executed_lines": [149, 150, 151, 152, 153, 154, 155, 156, 157, 159, 160], "summary": {"covered_lines": 11, "num_statements": 11, "percent_covered": 100.0, "percent_covered_display": "100", "missing_lines": 0, "excluded_lines": 0}, "missing_lines": [], "excluded_lines": []}, "DirectorsClient.country_directors": {"executed_lines": [178, 179], "summary": {"covered_lines": 2, "num_statements": 2, "percent_covered": 100.0, "percent_covered_display": "100", "missing_lines": 0, "excluded_lines": 0}, "missing_lines": [], "excluded_lines": []}, "": {"executed_lines": [1, 7, 9, 10, 17, 21, 22, 33, 47, 66, 98, 99, 109, 119, 162], "summary": {"covered_lines": 11, "num_statements": 11, "percent_covered": 100.0, "percent_covered_display": "100", "missing_lines": 0, "excluded_lines": 2}, "missing_lines": [], "excluded_lines": [17, 18]}}, "classes": {"DirectorHandle": {"executed_lines": [43, 44, 45, 63, 64, 90, 92, 95], "summary": {"covered_lines": 8, "num_statements": 8, "percent_covered": 100.0, "percent_covered_display": "100", "missing_lines": 0, "excluded_lines": 0}, "missing_lines": [], "excluded_lines": []}, "DirectorsClient": {"executed_lines": [116, 117, 149, 150, 151, 152, 153, 154, 155, 156, 157, 159, 160, 178, 179], "summary": {"covered_lines": 15, "num_statements": 15, "percent_covered": 100.0, "percent_covered_display": "100", "missing_lines": 0, "excluded_lines": 0}, "missing_lines": [], "excluded_lines": []}, "": {"executed_lines": [1, 7, 9, 10, 17, 21, 22, 33, 47, 66, 98, 99, 109, 119, 162], "summary": {"covered_lines": 11, "num_statements": 11, "percent_covered": 100.0, "percent_covered_display": "100", "missing_lines": 0, "excluded_lines": 2}, "missing_lines": [], "excluded_lines": [17, 18]}}}, "src/ifpa_api/resources/players.py": {"executed_lines": [1, 7, 9, 10, 20, 24, 25, 36, 44, 45, 46, 48, 64, 66, 67, 68, 69, 70, 72, 87, 88, 90, 110, 111, 113, 154, 157, 159, 161, 162, 163, 164, 165, 167, 168, 170, 188, 189, 192, 193, 203, 210, 211, 213, 255, 256, 257, 258, 260, 261, 262, 263, 264, 265, 266, 267, 268, 269, 271, 272, 274, 296, 298, 299, 302, 303, 305, 306], "summary": {"covered_lines": 64, "num_statements": 65, "percent_covered": 98.46153846153847, "percent_covered_display": "98", "missing_lines": 1, "excluded_lines": 2}, "missing_lines": [259], "excluded_lines": [20, 21], "functions": {"PlayerHandle.__init__": {"executed_lines": [44, 45, 46], "summary": {"covered_lines": 3, "num_statements": 3, "percent_covered": 100.0, "percent_covered_display": "100", "missing_lines": 0, "excluded_lines": 0}, "missing_lines": [], "excluded_lines": []}, "PlayerHandle.get": {"executed_lines": [64, 66, 67, 68, 69, 70], "summary": {"covered_lines": 6, "num_statements": 6, "percent_covered": 100.0, "percent_covered_display": "100", "missing_lines": 0, "excluded_lines": 0}, "missing_lines": [], "excluded_lines": []}, "PlayerHandle.pvp_all": {"executed_lines": [87, 88], "summary": {"covered_lines": 2, "num_statements": 2, "percent_covered": 100.0, "percent_covered_display": "100", "missing_lines": 0, "excluded_lines": 0}, "missing_lines": [], "excluded_lines": []}, "PlayerHandle.pvp": {"executed_lines": [110, 111], "summary": {"covered_lines": 2, "num_statements": 2, "percent_covered": 100.0, "percent_covered_display": "100", "missing_lines": 0, "excluded_lines": 0}, "missing_lines": [], "excluded_lines": []}, "PlayerHandle.results": {"executed_lines": [154, 157, 159, 161, 162, 163, 164, 165, 167, 168], "summary": {"covered_lines": 10, "num_statements": 10, "percent_covered": 100.0, "percent_covered_display": "100", "missing_lines": 0, "excluded_lines": 0}, "missing_lines": [], "excluded_lines": []}, "PlayerHandle.history": {"executed_lines": [188, 189], "summary": {"covered_lines": 2, "num_statements": 2, "percent_covered": 100.0, "percent_covered_display": "100", "missing_lines": 0, "excluded_lines": 0}, "missing_lines": [], "excluded_lines": []}, "PlayersClient.__init__": {"executed_lines": [210, 211], "summary": {"covered_lines": 2, "num_statements": 2, "percent_covered": 100.0, "percent_covered_display": "100", "missing_lines": 0, "excluded_lines": 0}, "missing_lines": [], "excluded_lines": []}, "PlayersClient.search": {"executed_lines": [255, 256, 257, 258, 260, 261, 262, 263, 264, 265, 266, 267, 268, 269, 271, 272], "summary": {"covered_lines": 16, "num_statements": 17, "percent_covered": 94.11764705882354, "percent_covered_display": "94", "missing_lines": 1, "excluded_lines": 0}, "missing_lines": [259], "excluded_lines": []}, "PlayersClient.get_multiple": {"executed_lines": [296, 298, 299, 302, 303, 305, 306], "summary": {"covered_lines": 7, "num_statements": 7, "percent_covered": 100.0, "percent_covered_display": "100", "missing_lines": 0, "excluded_lines": 0}, "missing_lines": [], "excluded_lines": []}, "": {"executed_lines": [1, 7, 9, 10, 20, 24, 25, 36, 48, 72, 90, 113, 170, 192, 193, 203, 213, 274], "summary": {"covered_lines": 14, "num_statements": 14, "percent_covered": 100.0, "percent_covered_display": "100", "missing_lines": 0, "excluded_lines": 2}, "missing_lines": [], "excluded_lines": [20, 21]}}, "classes": {"PlayerHandle": {"executed_lines": [44, 45, 46, 64, 66, 67, 68, 69, 70, 87, 88, 110, 111, 154, 157, 159, 161, 162, 163, 164, 165, 167, 168, 188, 189], "summary": {"covered_lines": 25, "num_statements": 25, "percent_covered": 100.0, "percent_covered_display": "100", "missing_lines": 0, "excluded_lines": 0}, "missing_lines": [], "excluded_lines": []}, "PlayersClient": {"executed_lines": [210, 211, 255, 256, 257, 258, 260, 261, 262, 263, 264, 265, 266, 267, 268, 269, 271, 272, 296, 298, 299, 302, 303, 305, 306], "summary": {"covered_lines": 25, "num_statements": 26, "percent_covered": 96.15384615384616, "percent_covered_display": "96", "missing_lines": 1, "excluded_lines": 0}, "missing_lines": [259], "excluded_lines": []}, "": {"executed_lines": [1, 7, 9, 10, 20, 24, 25, 36, 48, 72, 90, 113, 170, 192, 193, 203, 213, 274], "summary": {"covered_lines": 14, "num_statements": 14, "percent_covered": 100.0, "percent_covered_display": "100", "missing_lines": 0, "excluded_lines": 2}, "missing_lines": [], "excluded_lines": [20, 21]}}}, "src/ifpa_api/resources/rankings.py": {"executed_lines": [1, 7, 9, 15, 19, 20, 30, 37, 38, 40, 72, 73, 74, 75, 76, 77, 78, 79, 80, 82, 83, 85, 116, 117, 118, 119, 120, 121, 122, 124, 127, 129, 153, 154, 156, 157, 158, 161, 162, 164, 188, 189, 191, 192, 193, 196, 197, 199, 228, 229, 230, 231, 232, 234, 237, 239, 269, 270, 271, 272, 273, 275, 276, 278, 302, 303, 305, 306, 308, 309], "summary": {"covered_lines": 67, "num_statements": 72, "percent_covered": 93.05555555555556, "percent_covered_display": "93", "missing_lines": 5, "excluded_lines": 2}, "missing_lines": [155, 159, 190, 194, 304], "excluded_lines": [15, 16], "functions": {"RankingsClient.__init__": {"executed_lines": [37, 38], "summary": {"covered_lines": 2, "num_statements": 2, "percent_covered": 100.0, "percent_covered_display": "100", "missing_lines": 0, "excluded_lines": 0}, "missing_lines": [], "excluded_lines": []}, "RankingsClient.wppr": {"executed_lines": [72, 73, 74, 75, 76, 77, 78, 79, 80, 82, 83], "summary": {"covered_lines": 11, "num_statements": 11, "percent_covered": 100.0, "percent_covered_display": "100", "missing_lines": 0, "excluded_lines": 0}, "missing_lines": [], "excluded_lines": []}, "RankingsClient.women": {"executed_lines": [116, 117, 118, 119, 120, 121, 122, 124, 127], "summary": {"covered_lines": 9, "num_statements": 9, "percent_covered": 100.0, "percent_covered_display": "100", "missing_lines": 0, "excluded_lines": 0}, "missing_lines": [], "excluded_lines": []}, "RankingsClient.youth": {"executed_lines": [153, 154, 156, 157, 158, 161, 162], "summary": {"covered_lines": 7, "num_statements": 9, "percent_covered": 77.77777777777777, "percent_covered_display": "78", "missing_lines": 2, "excluded_lines": 0}, "missing_lines": [155, 159], "excluded_lines": []}, "RankingsClient.virtual": {"executed_lines": [188, 189, 191, 192, 193, 196, 197], "summary": {"covered_lines": 7, "num_statements": 9, "percent_covered": 77.77777777777777, "percent_covered_display": "78", "missing_lines": 2, "excluded_lines": 0}, "missing_lines": [190, 194], "excluded_lines": []}, "RankingsClient.pro": {"executed_lines": [228, 229, 230, 231, 232, 234, 237], "summary": {"covered_lines": 7, "num_statements": 7, "percent_covered": 100.0, "percent_covered_display": "100", "missing_lines": 0, "excluded_lines": 0}, "missing_lines": [], "excluded_lines": []}, "RankingsClient.by_country": {"executed_lines": [269, 270, 271, 272, 273, 275, 276], "summary": {"covered_lines": 7, "num_statements": 7, "percent_covered": 100.0, "percent_covered_display": "100", "missing_lines": 0, "excluded_lines": 0}, "missing_lines": [], "excluded_lines": []}, "RankingsClient.custom": {"executed_lines": [302, 303, 305, 306, 308, 309], "summary": {"covered_lines": 6, "num_statements": 7, "percent_covered": 85.71428571428571, "percent_covered_display": "86", "missing_lines": 1, "excluded_lines": 0}, "missing_lines": [304], "excluded_lines": []}, "": {"executed_lines": [1, 7, 9, 15, 19, 20, 30, 40, 85, 129, 164, 199, 239, 278], "summary": {"covered_lines": 11, "num_statements": 11, "percent_covered": 100.0, "percent_covered_display": "100", "missing_lines": 0, "excluded_lines": 2}, "missing_lines": [], "excluded_lines": [15, 16]}}, "classes": {"RankingsClient": {"executed_lines": [37, 38, 72, 73, 74, 75, 76, 77, 78, 79, 80, 82, 83, 116, 117, 118, 119, 120, 121, 122, 124, 127, 153, 154, 156, 157, 158, 161, 162, 188, 189, 191, 192, 193, 196, 197, 228, 229, 230, 231, 232, 234, 237, 269, 270, 271, 272, 273, 275, 276, 302, 303, 305, 306, 308, 309], "summary": {"covered_lines": 56, "num_statements": 61, "percent_covered": 91.80327868852459, "percent_covered_display": "92", "missing_lines": 5, "excluded_lines": 0}, "missing_lines": [155, 159, 190, 194, 304], "excluded_lines": []}, "": {"executed_lines": [1, 7, 9, 15, 19, 20, 30, 40, 85, 129, 164, 199, 239, 278], "summary": {"covered_lines": 11, "num_statements": 11, "percent_covered": 100.0, "percent_covered_display": "100", "missing_lines": 0, "excluded_lines": 2}, "missing_lines": [], "excluded_lines": [15, 16]}}}, "src/ifpa_api/resources/series.py": {"executed_lines": [1, 7, 9, 21, 25, 26, 37, 45, 46, 47, 49, 73, 74, 75, 76, 77, 79, 82, 84, 116, 117, 118, 120, 123, 125, 142, 143, 145, 161, 162, 164, 180, 181, 183, 199, 200, 202, 218, 219, 221, 237, 238, 241, 242, 251, 258, 259, 261, 284, 285, 286, 288, 289], "summary": {"covered_lines": 49, "num_statements": 49, "percent_covered": 100.0, "percent_covered_display": "100", "missing_lines": 0, "excluded_lines": 2}, "missing_lines": [], "excluded_lines": [21, 22], "functions": {"SeriesHandle.__init__": {"executed_lines": [45, 46, 47], "summary": {"covered_lines": 3, "num_statements": 3, "percent_covered": 100.0, "percent_covered_display": "100", "missing_lines": 0, "excluded_lines": 0}, "missing_lines": [], "excluded_lines": []}, "SeriesHandle.standings": {"executed_lines": [73, 74, 75, 76, 77, 79, 82], "summary": {"covered_lines": 7, "num_statements": 7, "percent_covered": 100.0, "percent_covered_display": "100", "missing_lines": 0, "excluded_lines": 0}, "missing_lines": [], "excluded_lines": []}, "SeriesHandle.player_card": {"executed_lines": [116, 117, 118, 120, 123], "summary": {"covered_lines": 5, "num_statements": 5, "percent_covered": 100.0, "percent_covered_display": "100", "missing_lines": 0, "excluded_lines": 0}, "missing_lines": [], "excluded_lines": []}, "SeriesHandle.overview": {"executed_lines": [142, 143], "summary": {"covered_lines": 2, "num_statements": 2, "percent_covered": 100.0, "percent_covered_display": "100", "missing_lines": 0, "excluded_lines": 0}, "missing_lines": [], "excluded_lines": []}, "SeriesHandle.regions": {"executed_lines": [161, 162], "summary": {"covered_lines": 2, "num_statements": 2, "percent_covered": 100.0, "percent_covered_display": "100", "missing_lines": 0, "excluded_lines": 0}, "missing_lines": [], "excluded_lines": []}, "SeriesHandle.rules": {"executed_lines": [180, 181], "summary": {"covered_lines": 2, "num_statements": 2, "percent_covered": 100.0, "percent_covered_display": "100", "missing_lines": 0, "excluded_lines": 0}, "missing_lines": [], "excluded_lines": []}, "SeriesHandle.stats": {"executed_lines": [199, 200], "summary": {"covered_lines": 2, "num_statements": 2, "percent_covered": 100.0, "percent_covered_display": "100", "missing_lines": 0, "excluded_lines": 0}, "missing_lines": [], "excluded_lines": []}, "SeriesHandle.schedule": {"executed_lines": [218, 219], "summary": {"covered_lines": 2, "num_statements": 2, "percent_covered": 100.0, "percent_covered_display": "100", "missing_lines": 0, "excluded_lines": 0}, "missing_lines": [], "excluded_lines": []}, "SeriesHandle.region_reps": {"executed_lines": [237, 238], "summary": {"covered_lines": 2, "num_statements": 2, "percent_covered": 100.0, "percent_covered_display": "100", "missing_lines": 0, "excluded_lines": 0}, "missing_lines": [], "excluded_lines": []}, "SeriesClient.__init__": {"executed_lines": [258, 259], "summary": {"covered_lines": 2, "num_statements": 2, "percent_covered": 100.0, "percent_covered_display": "100", "missing_lines": 0, "excluded_lines": 0}, "missing_lines": [], "excluded_lines": []}, "SeriesClient.list": {"executed_lines": [284, 285, 286, 288, 289], "summary": {"covered_lines": 5, "num_statements": 5, "percent_covered": 100.0, "percent_covered_display": "100", "missing_lines": 0, "excluded_lines": 0}, "missing_lines": [], "excluded_lines": []}, "": {"executed_lines": [1, 7, 9, 21, 25, 26, 37, 49, 84, 125, 145, 164, 183, 202, 221, 241, 242, 251, 261], "summary": {"covered_lines": 15, "num_statements": 15, "percent_covered": 100.0, "percent_covered_display": "100", "missing_lines": 0, "excluded_lines": 2}, "missing_lines": [], "excluded_lines": [21, 22]}}, "classes": {"SeriesHandle": {"executed_lines": [45, 46, 47, 73, 74, 75, 76, 77, 79, 82, 116, 117, 118, 120, 123, 142, 143, 161, 162, 180, 181, 199, 200, 218, 219, 237, 238], "summary": {"covered_lines": 27, "num_statements": 27, "percent_covered": 100.0, "percent_covered_display": "100", "missing_lines": 0, "excluded_lines": 0}, "missing_lines": [], "excluded_lines": []}, "SeriesClient": {"executed_lines": [258, 259, 284, 285, 286, 288, 289], "summary": {"covered_lines": 7, "num_statements": 7, "percent_covered": 100.0, "percent_covered_display": "100", "missing_lines": 0, "excluded_lines": 0}, "missing_lines": [], "excluded_lines": []}, "": {"executed_lines": [1, 7, 9, 21, 25, 26, 37, 49, 84, 125, 145, 164, 183, 202, 221, 241, 242, 251, 261], "summary": {"covered_lines": 15, "num_statements": 15, "percent_covered": 100.0, "percent_covered_display": "100", "missing_lines": 0, "excluded_lines": 2}, "missing_lines": [], "excluded_lines": [21, 22]}}}, "src/ifpa_api/resources/tournaments.py": {"executed_lines": [1, 6, 8, 17, 21, 22, 33, 43, 44, 45, 47, 64, 65, 67, 83, 84, 86, 103, 104, 106, 123, 124, 126, 142, 143, 146, 147, 157, 164, 165, 167, 219, 220, 221, 222, 223, 224, 225, 226, 227, 228, 229, 230, 231, 232, 233, 234, 235, 236, 237, 239, 240], "summary": {"covered_lines": 48, "num_statements": 48, "percent_covered": 100.0, "percent_covered_display": "100", "missing_lines": 0, "excluded_lines": 2}, "missing_lines": [], "excluded_lines": [17, 18], "functions": {"TournamentHandle.__init__": {"executed_lines": [43, 44, 45], "summary": {"covered_lines": 3, "num_statements": 3, "percent_covered": 100.0, "percent_covered_display": "100", "missing_lines": 0, "excluded_lines": 0}, "missing_lines": [], "excluded_lines": []}, "TournamentHandle.get": {"executed_lines": [64, 65], "summary": {"covered_lines": 2, "num_statements": 2, "percent_covered": 100.0, "percent_covered_display": "100", "missing_lines": 0, "excluded_lines": 0}, "missing_lines": [], "excluded_lines": []}, "TournamentHandle.results": {"executed_lines": [83, 84], "summary": {"covered_lines": 2, "num_statements": 2, "percent_covered": 100.0, "percent_covered_display": "100", "missing_lines": 0, "excluded_lines": 0}, "missing_lines": [], "excluded_lines": []}, "TournamentHandle.formats": {"executed_lines": [103, 104], "summary": {"covered_lines": 2, "num_statements": 2, "percent_covered": 100.0, "percent_covered_display": "100", "missing_lines": 0, "excluded_lines": 0}, "missing_lines": [], "excluded_lines": []}, "TournamentHandle.league": {"executed_lines": [123, 124], "summary": {"covered_lines": 2, "num_statements": 2, "percent_covered": 100.0, "percent_covered_display": "100", "missing_lines": 0, "excluded_lines": 0}, "missing_lines": [], "excluded_lines": []}, "TournamentHandle.submissions": {"executed_lines": [142, 143], "summary": {"covered_lines": 2, "num_statements": 2, "percent_covered": 100.0, "percent_covered_display": "100", "missing_lines": 0, "excluded_lines": 0}, "missing_lines": [], "excluded_lines": []}, "TournamentsClient.__init__": {"executed_lines": [164, 165], "summary": {"covered_lines": 2, "num_statements": 2, "percent_covered": 100.0, "percent_covered_display": "100", "missing_lines": 0, "excluded_lines": 0}, "missing_lines": [], "excluded_lines": []}, "TournamentsClient.search": {"executed_lines": [219, 220, 221, 222, 223, 224, 225, 226, 227, 228, 229, 230, 231, 232, 233, 234, 235, 236, 237, 239, 240], "summary": {"covered_lines": 21, "num_statements": 21, "percent_covered": 100.0, "percent_covered_display": "100", "missing_lines": 0, "excluded_lines": 0}, "missing_lines": [], "excluded_lines": []}, "": {"executed_lines": [1, 6, 8, 17, 21, 22, 33, 47, 67, 86, 106, 126, 146, 147, 157, 167], "summary": {"covered_lines": 12, "num_statements": 12, "percent_covered": 100.0, "percent_covered_display": "100", "missing_lines": 0, "excluded_lines": 2}, "missing_lines": [], "excluded_lines": [17, 18]}}, "classes": {"TournamentHandle": {"executed_lines": [43, 44, 45, 64, 65, 83, 84, 103, 104, 123, 124, 142, 143], "summary": {"covered_lines": 13, "num_statements": 13, "percent_covered": 100.0, "percent_covered_display": "100", "missing_lines": 0, "excluded_lines": 0}, "missing_lines": [], "excluded_lines": []}, "TournamentsClient": {"executed_lines": [164, 165, 219, 220, 221, 222, 223, 224, 225, 226, 227, 228, 229, 230, 231, 232, 233, 234, 235, 236, 237, 239, 240], "summary": {"covered_lines": 23, "num_statements": 23, "percent_covered": 100.0, "percent_covered_display": "100", "missing_lines": 0, "excluded_lines": 0}, "missing_lines": [], "excluded_lines": []}, "": {"executed_lines": [1, 6, 8, 17, 21, 22, 33, 47, 67, 86, 106, 126, 146, 147, 157, 167], "summary": {"covered_lines": 12, "num_statements": 12, "percent_covered": 100.0, "percent_covered_display": "100", "missing_lines": 0, "excluded_lines": 2}, "missing_lines": [], "excluded_lines": [17, 18]}}}}, "totals": {"covered_lines": 902, "num_statements": 913, "percent_covered": 98.79518072289157, "percent_covered_display": "99", "missing_lines": 11, "excluded_lines": 23}}
